{
  "RSpec": {
    "coverage": {
      "/Users/john/ruby_cert/rails/ria_exercises/ticketee/app/models/user.rb": [
        1,
        null,
        null,
        null,
        1,
        null,
        null,
        null,
        null,
        1,
        1,
        null,
        1,
        29,
        null,
        null,
        null,
        1,
        null
      ],
      "/Users/john/ruby_cert/rails/ria_exercises/ticketee/app/controllers/application_controller.rb": [
        1,
        1,
        null,
        1,
        null,
        1,
        56,
        56,
        6,
        6,
        null,
        null,
        null,
        null
      ],
      "/Users/john/ruby_cert/rails/ria_exercises/ticketee/app/helpers/application_helper.rb": [
        1,
        1,
        25,
        25,
        25,
        null,
        null,
        null,
        null,
        1,
        241,
        null,
        null,
        1,
        24,
        49,
        null,
        null,
        null
      ],
      "/Users/john/ruby_cert/rails/ria_exercises/ticketee/app/helpers/admin/users_helper.rb": [
        1,
        null
      ],
      "/Users/john/ruby_cert/rails/ria_exercises/ticketee/app/helpers/projects_helper.rb": [
        1,
        null
      ],
      "/Users/john/ruby_cert/rails/ria_exercises/ticketee/app/helpers/tickets_helper.rb": [
        1,
        null
      ],
      "/Users/john/ruby_cert/rails/ria_exercises/ticketee/app/helpers/users_helper.rb": [
        1,
        null
      ],
      "/Users/john/ruby_cert/rails/ria_exercises/ticketee/app/controllers/admin/base_controller.rb": [
        1,
        1,
        null,
        1,
        null,
        null,
        null,
        null
      ],
      "/Users/john/ruby_cert/rails/ria_exercises/ticketee/app/controllers/admin/users_controller.rb": [
        1,
        1,
        null,
        1,
        14,
        null,
        null,
        1,
        3,
        null,
        null,
        1,
        3,
        3,
        2,
        2,
        null,
        1,
        1,
        null,
        null,
        null,
        1,
        null,
        null,
        null,
        1,
        null,
        null,
        null,
        1,
        3,
        3,
        3,
        3,
        null,
        3,
        2,
        2,
        null,
        1,
        1,
        null,
        null,
        null,
        1,
        2,
        1,
        null,
        1,
        1,
        null,
        2,
        null,
        null,
        1,
        null,
        1,
        13,
        null,
        null,
        null
      ],
      "/Users/john/ruby_cert/rails/ria_exercises/ticketee/app/controllers/projects_controller.rb": [
        1,
        1,
        1,
        1,
        null,
        1,
        65,
        null,
        null,
        1,
        2,
        null,
        null,
        1,
        2,
        2,
        1,
        1,
        null,
        1,
        1,
        null,
        null,
        null,
        1,
        null,
        null,
        1,
        null,
        null,
        1,
        2,
        1,
        1,
        null,
        1,
        1,
        null,
        null,
        null,
        1,
        1,
        1,
        1,
        null,
        null,
        1,
        null,
        1,
        34,
        null,
        null,
        4,
        null,
        4,
        null,
        null,
        null
      ],
      "/Users/john/ruby_cert/rails/ria_exercises/ticketee/app/models/project.rb": [
        1,
        1,
        null,
        1,
        1,
        null,
        1,
        76,
        null,
        null,
        1,
        null,
        1,
        128,
        null,
        null,
        null
      ],
      "/Users/john/ruby_cert/rails/ria_exercises/ticketee/app/controllers/registrations_controller.rb": [
        1,
        null,
        1,
        null,
        1,
        1,
        null,
        null
      ],
      "/Users/john/ruby_cert/rails/ria_exercises/ticketee/app/controllers/tickets_controller.rb": [
        1,
        1,
        1,
        1,
        1,
        1,
        1,
        null,
        1,
        3,
        null,
        null,
        1,
        3,
        3,
        3,
        1,
        1,
        null,
        2,
        2,
        null,
        null,
        null,
        1,
        null,
        null,
        1,
        null,
        null,
        1,
        2,
        1,
        1,
        null,
        1,
        1,
        null,
        null,
        null,
        1,
        1,
        1,
        1,
        null,
        null,
        1,
        null,
        1,
        2,
        1,
        1,
        null,
        null,
        null,
        1,
        6,
        2,
        2,
        null,
        null,
        null,
        1,
        8,
        2,
        2,
        null,
        null,
        null,
        1,
        29,
        null,
        1,
        null,
        1,
        null,
        null,
        1,
        20,
        null,
        null
      ],
      "/Users/john/ruby_cert/rails/ria_exercises/ticketee/app/models/ticket.rb": [
        1,
        1,
        1,
        1,
        null,
        1,
        1,
        null
      ],
      "/Users/john/ruby_cert/rails/ria_exercises/ticketee/app/controllers/users_controller.rb": [
        1,
        1,
        null,
        null
      ],
      "/Users/john/ruby_cert/rails/ria_exercises/ticketee/app/models/ability.rb": [
        1,
        1,
        1,
        53,
        71,
        null,
        null,
        21,
        null,
        null,
        null,
        null,
        null
      ],
      "/Users/john/ruby_cert/rails/ria_exercises/ticketee/app/models/permission.rb": [
        1,
        1,
        1,
        1,
        null
      ]
    },
    "timestamp": 1368592974
  }
}
