{
  "RSpec": {
    "coverage": {
      "/Users/john/ruby_cert/rails/ria_exercises/ticketee/app/models/user.rb": [
        1,
        null,
        null,
        null,
        1,
        null,
        null,
        null,
        null,
        1,
        1,
        null,
        1,
        7,
        null,
        null,
        null
      ],
      "/Users/john/ruby_cert/rails/ria_exercises/ticketee/app/controllers/application_controller.rb": [
        1,
        1,
        null,
        1,
        null,
        1,
        29,
        29,
        6,
        6,
        null,
        null,
        null,
        null
      ],
      "/Users/john/ruby_cert/rails/ria_exercises/ticketee/app/helpers/application_helper.rb": [
        1,
        1,
        20,
        20,
        20,
        null,
        null,
        null,
        null,
        1,
        141,
        null,
        null,
        null
      ],
      "/Users/john/ruby_cert/rails/ria_exercises/ticketee/app/helpers/admin/users_helper.rb": [
        1,
        null
      ],
      "/Users/john/ruby_cert/rails/ria_exercises/ticketee/app/helpers/projects_helper.rb": [
        1,
        null
      ],
      "/Users/john/ruby_cert/rails/ria_exercises/ticketee/app/helpers/tickets_helper.rb": [
        1,
        null
      ],
      "/Users/john/ruby_cert/rails/ria_exercises/ticketee/app/controllers/admin/base_controller.rb": [
        1,
        1,
        null,
        1,
        null,
        null,
        null,
        null
      ],
      "/Users/john/ruby_cert/rails/ria_exercises/ticketee/app/controllers/admin/users_controller.rb": [
        1,
        1,
        5,
        null,
        null,
        1,
        3,
        null,
        null,
        1,
        3,
        3,
        2,
        2,
        null,
        1,
        1,
        null,
        null,
        null,
        null
      ],
      "/Users/john/ruby_cert/rails/ria_exercises/ticketee/app/controllers/projects_controller.rb": [
        1,
        1,
        1,
        null,
        1,
        43,
        null,
        null,
        1,
        2,
        null,
        null,
        1,
        2,
        2,
        1,
        1,
        null,
        1,
        1,
        null,
        null,
        null,
        1,
        null,
        null,
        1,
        null,
        null,
        1,
        2,
        1,
        1,
        null,
        1,
        1,
        null,
        null,
        null,
        1,
        1,
        1,
        1,
        null,
        null,
        1,
        null,
        1,
        26,
        null,
        1,
        null,
        1,
        null,
        null,
        null
      ],
      "/Users/john/ruby_cert/rails/ria_exercises/ticketee/app/models/project.rb": [
        1,
        1,
        null,
        1,
        null,
        1,
        null
      ],
      "/Users/john/ruby_cert/rails/ria_exercises/ticketee/app/controllers/tickets_controller.rb": [
        1,
        1,
        1,
        1,
        1,
        3,
        null,
        null,
        1,
        3,
        3,
        3,
        1,
        1,
        null,
        2,
        2,
        null,
        null,
        null,
        1,
        null,
        null,
        1,
        null,
        null,
        1,
        2,
        1,
        1,
        null,
        1,
        1,
        null,
        null,
        null,
        1,
        1,
        1,
        1,
        null,
        null,
        1,
        1,
        20,
        null,
        1,
        11,
        null,
        null
      ],
      "/Users/john/ruby_cert/rails/ria_exercises/ticketee/app/models/ticket.rb": [
        1,
        1,
        1,
        1,
        null,
        1,
        1,
        null
      ]
    },
    "timestamp": 1367986695
  }
}
